# JRE version: OpenJDK Runtime Environment (8.0_152-b02) (build 1.8.0_152-release-1024-b02)
# Java VM: OpenJDK 64-Bit Server VM (25.152-b02 mixed mode windows-amd64 compressed oops)
Heap:
 PSYoungGen      total 457728K, used 298349K [0x00000000e0000000, 0x00000000ff880000, 0x0000000100000000)
  eden space 397312K, 71% used [0x00000000e0000000,0x00000000f16b3760,0x00000000f8400000)
  from space 60416K, 21% used [0x00000000fbd80000,0x00000000fca28020,0x00000000ff880000)
  to   space 58880K, 0% used [0x00000000f8400000,0x00000000f8400000,0x00000000fbd80000)
 ParOldGen       total 376832K, used 297480K [0x00000000a0000000, 0x00000000b7000000, 0x00000000e0000000)
  object space 376832K, 78% used [0x00000000a0000000,0x00000000b2282360,0x00000000b7000000)
 Metaspace       used 311844K, capacity 331323K, committed 336152K, reserved 1341440K
  class space    used 39687K, capacity 43618K, committed 44592K, reserved 1048576K
GC Heap History (10 events):
Event: 14966.013 GC heap before
{Heap before GC invocations=67 (full 7):
 PSYoungGen      total 445440K, used 392703K [0x00000000e0000000, 0x00000000ff900000, 0x0000000100000000)
  eden space 370688K, 100% used [0x00000000e0000000,0x00000000f6a00000,0x00000000f6a00000)
  from space 74752K, 29% used [0x00000000f6a00000,0x00000000f7f7fef0,0x00000000fb300000)
  to   space 70656K, 0% used [0x00000000fb400000,0x00000000fb400000,0x00000000ff900000)
 ParOldGen       total 376832K, used 235150K [0x00000000a0000000, 0x00000000b7000000, 0x00000000e0000000)
  object space 376832K, 62% used [0x00000000a0000000,0x00000000ae5a39f0,0x00000000b7000000)
 Metaspace       used 310930K, capacity 330103K, committed 336152K, reserved 1341440K
  class space    used 39581K, capacity 43424K, committed 44592K, reserved 1048576K
Event: 14967.130 GC heap after
Heap after GC invocations=67 (full 7):
 PSYoungGen      total 448000K, used 10174K [0x00000000e0000000, 0x00000000ff900000, 0x0000000100000000)
  eden space 377344K, 0% used [0x00000000e0000000,0x00000000e0000000,0x00000000f7080000)
  from space 70656K, 14% used [0x00000000fb400000,0x00000000fbdefa70,0x00000000ff900000)
  to   space 69120K, 0% used [0x00000000f7080000,0x00000000f7080000,0x00000000fb400000)
 ParOldGen       total 376832K, used 255301K [0x00000000a0000000, 0x00000000b7000000, 0x00000000e0000000)
  object space 376832K, 67% used [0x00000000a0000000,0x00000000af9514d0,0x00000000b7000000)
 Metaspace       used 310930K, capacity 330103K, committed 336152K, reserved 1341440K
  class space    used 39581K, capacity 43424K, committed 44592K, reserved 1048576K
}
Event: 14973.111 GC heap before
{Heap before GC invocations=68 (full 7):
 PSYoungGen      total 448000K, used 387518K [0x00000000e0000000, 0x00000000ff900000, 0x0000000100000000)
  eden space 377344K, 100% used [0x00000000e0000000,0x00000000f7080000,0x00000000f7080000)
  from space 70656K, 14% used [0x00000000fb400000,0x00000000fbdefa70,0x00000000ff900000)
  to   space 69120K, 0% used [0x00000000f7080000,0x00000000f7080000,0x00000000fb400000)
 ParOldGen       total 376832K, used 255301K [0x00000000a0000000, 0x00000000b7000000, 0x00000000e0000000)
  object space 376832K, 67% used [0x00000000a0000000,0x00000000af9514d0,0x00000000b7000000)
 Metaspace       used 310936K, capacity 330107K, committed 336152K, reserved 1341440K
  class space    used 39581K, capacity 43424K, committed 44592K, reserved 1048576K
Event: 14973.322 GC heap after
Heap after GC invocations=68 (full 7):
 PSYoungGen      total 446464K, used 12896K [0x00000000e0000000, 0x00000000ff980000, 0x0000000100000000)
  eden space 377344K, 0% used [0x00000000e0000000,0x00000000e0000000,0x00000000f7080000)
  from space 69120K, 18% used [0x00000000f7080000,0x00000000f7d180a0,0x00000000fb400000)
  to   space 66560K, 0% used [0x00000000fb880000,0x00000000fb880000,0x00000000ff980000)
 ParOldGen       total 376832K, used 264632K [0x00000000a0000000, 0x00000000b7000000, 0x00000000e0000000)
  object space 376832K, 70% used [0x00000000a0000000,0x00000000b026e148,0x00000000b7000000)
 Metaspace       used 310936K, capacity 330107K, committed 336152K, reserved 1341440K
  class space    used 39581K, capacity 43424K, committed 44592K, reserved 1048576K
}
Event: 14979.476 GC heap before
{Heap before GC invocations=69 (full 7):
 PSYoungGen      total 446464K, used 390240K [0x00000000e0000000, 0x00000000ff980000, 0x0000000100000000)
  eden space 377344K, 100% used [0x00000000e0000000,0x00000000f7080000,0x00000000f7080000)
  from space 69120K, 18% used [0x00000000f7080000,0x00000000f7d180a0,0x00000000fb400000)
  to   space 66560K, 0% used [0x00000000fb880000,0x00000000fb880000,0x00000000ff980000)
 ParOldGen       total 376832K, used 264632K [0x00000000a0000000, 0x00000000b7000000, 0x00000000e0000000)
  object space 376832K, 70% used [0x00000000a0000000,0x00000000b026e148,0x00000000b7000000)
 Metaspace       used 310940K, capacity 330107K, committed 336152K, reserved 1341440K
  class space    used 39582K, capacity 43424K, committed 44592K, reserved 1048576K
Event: 14979.889 GC heap after
Heap after GC invocations=69 (full 7):
 PSYoungGen      total 452608K, used 12672K [0x00000000e0000000, 0x00000000ff880000, 0x0000000100000000)
  eden space 387072K, 0% used [0x00000000e0000000,0x00000000e0000000,0x00000000f7a00000)
  from space 65536K, 19% used [0x00000000fb880000,0x00000000fc4e0010,0x00000000ff880000)
  to   space 64000K, 0% used [0x00000000f7a00000,0x00000000f7a00000,0x00000000fb880000)
 ParOldGen       total 376832K, used 275956K [0x00000000a0000000, 0x00000000b7000000, 0x00000000e0000000)
  object space 376832K, 73% used [0x00000000a0000000,0x00000000b0d7d1f8,0x00000000b7000000)
 Metaspace       used 310940K, capacity 330107K, committed 336152K, reserved 1341440K
  class space    used 39582K, capacity 43424K, committed 44592K, reserved 1048576K
}
Event: 14986.499 GC heap before
{Heap before GC invocations=70 (full 7):
 PSYoungGen      total 452608K, used 399744K [0x00000000e0000000, 0x00000000ff880000, 0x0000000100000000)
  eden space 387072K, 100% used [0x00000000e0000000,0x00000000f7a00000,0x00000000f7a00000)
  from space 65536K, 19% used [0x00000000fb880000,0x00000000fc4e0010,0x00000000ff880000)
  to   space 64000K, 0% used [0x00000000f7a00000,0x00000000f7a00000,0x00000000fb880000)
 ParOldGen       total 376832K, used 275956K [0x00000000a0000000, 0x00000000b7000000, 0x00000000e0000000)
  object space 376832K, 73% used [0x00000000a0000000,0x00000000b0d7d1f8,0x00000000b7000000)
 Metaspace       used 310959K, capacity 330125K, committed 336152K, reserved 1341440K
  class space    used 39585K, capacity 43427K, committed 44592K, reserved 1048576K
Event: 14986.887 GC heap after
Heap after GC invocations=70 (full 7):
 PSYoungGen      total 451072K, used 12978K [0x00000000e0000000, 0x00000000ff980000, 0x0000000100000000)
  eden space 387072K, 0% used [0x00000000e0000000,0x00000000e0000000,0x00000000f7a00000)
  from space 64000K, 20% used [0x00000000f7a00000,0x00000000f86ac998,0x00000000fb880000)
  to   space 61440K, 0% used [0x00000000fbd80000,0x00000000fbd80000,0x00000000ff980000)
 ParOldGen       total 376832K, used 287836K [0x00000000a0000000, 0x00000000b7000000, 0x00000000e0000000)
  object space 376832K, 76% used [0x00000000a0000000,0x00000000b1917208,0x00000000b7000000)
 Metaspace       used 310959K, capacity 330125K, committed 336152K, reserved 1341440K
  class space    used 39585K, capacity 43427K, committed 44592K, reserved 1048576K
}
Event: 15928.350 GC heap before
{Heap before GC invocations=71 (full 7):
 PSYoungGen      total 451072K, used 400050K [0x00000000e0000000, 0x00000000ff980000, 0x0000000100000000)
  eden space 387072K, 100% used [0x00000000e0000000,0x00000000f7a00000,0x00000000f7a00000)
  from space 64000K, 20% used [0x00000000f7a00000,0x00000000f86ac998,0x00000000fb880000)
  to   space 61440K, 0% used [0x00000000fbd80000,0x00000000fbd80000,0x00000000ff980000)
 ParOldGen       total 376832K, used 287836K [0x00000000a0000000, 0x00000000b7000000, 0x00000000e0000000)
  object space 376832K, 76% used [0x00000000a0000000,0x00000000b1917208,0x00000000b7000000)
 Metaspace       used 311393K, capacity 330857K, committed 336152K, reserved 1341440K
  class space    used 39650K, capacity 43563K, committed 44592K, reserved 1048576K
Event: 15930.842 GC heap after
Heap after GC invocations=71 (full 7):
 PSYoungGen      total 457728K, used 12960K [0x00000000e0000000, 0x00000000ff880000, 0x0000000100000000)
  eden space 397312K, 0% used [0x00000000e0000000,0x00000000e0000000,0x00000000f8400000)
  from space 60416K, 21% used [0x00000000fbd80000,0x00000000fca28020,0x00000000ff880000)
  to   space 58880K, 0% used [0x00000000f8400000,0x00000000f8400000,0x00000000fbd80000)
 ParOldGen       total 376832K, used 297480K [0x00000000a0000000, 0x00000000b7000000, 0x00000000e0000000)
  object space 376832K, 78% used [0x00000000a0000000,0x00000000b2282360,0x00000000b7000000)
 Metaspace       used 311393K, capacity 330857K, committed 336152K, reserved 1341440K
  class space    used 39650K, capacity 43563K, committed 44592K, reserved 1048576K
}

